<?xml version="1.0" encoding="UTF-8"?>
<!-- Generated by org.testng.reporters.JUnitXMLReporter -->
<testsuite ignored="1" hostname="DESKTOP-4LNU0HP" failures="0" tests="2" name="Default test" time="5.214" errors="0" timestamp="2026-06-08T19:25:07 IST">
  <testcase classname="com.anu.framework.tests.LoginTest" name="testInvalidLogin" time="0.287"/>
  <testcase classname="com.anu.framework.tests.LoginTest" name="testInvalidLogin" time="0.972"/>
  <testcase classname="com.anu.framework.tests.LoginTest" name="testValidLogin" time="0.0">
    <ignored/>
  </testcase> <!-- testValidLogin -->
</testsuite> <!-- Default test -->
