<?xml version="1.0" encoding="UTF-8"?>
<!-- Generated by org.testng.reporters.JUnitXMLReporter -->
<testsuite ignored="1" hostname="DESKTOP-4LNU0HP" failures="0" tests="3" name="Default test" time="10.487" errors="0" timestamp="2026-06-09T10:48:19 IST">
  <testcase classname="com.anu.framework.tests.LoginTest" name="testValidLogin" time="0.373"/>
  <testcase classname="com.anu.framework.tests.LoginTest" name="testValidLogin" time="0.413"/>
  <testcase classname="com.anu.framework.tests.LoginTest" name="testValidLogin" time="0.365"/>
  <testcase classname="com.anu.framework.tests.LoginTest" name="testInvalidLogin" time="0.0">
    <ignored/>
  </testcase> <!-- testInvalidLogin -->
</testsuite> <!-- Default test -->
