<?xml version="1.0" encoding="UTF-8"?>
<testng-results ignored="0" total="1" passed="1" failed="0" skipped="0">
  <reporter-output>
  </reporter-output>
  <suite started-at="2026-06-06T09:06:01 IST" name="Default suite" finished-at="2026-06-06T09:06:07 IST" duration-ms="5774">
    <groups>
    </groups>
    <test started-at="2026-06-06T09:06:01 IST" name="Default test" finished-at="2026-06-06T09:06:07 IST" duration-ms="5774">
      <class name="com.anu.framework.tests.LoginTest">
        <test-method is-config="true" signature="setUp()[pri:0, instance:com.anu.framework.tests.LoginTest@765d7657]" started-at="2026-06-06T09:06:01 IST" name="setUp" finished-at="2026-06-06T09:06:06 IST" duration-ms="4718" status="PASS">
          <reporter-output>
          </reporter-output>
        </test-method> <!-- setUp -->
        <test-method signature="testValidLogin()[pri:0, instance:com.anu.framework.tests.LoginTest@765d7657]" started-at="2026-06-06T09:06:06 IST" name="testValidLogin" finished-at="2026-06-06T09:06:06 IST" duration-ms="567" status="PASS">
          <reporter-output>
          </reporter-output>
        </test-method> <!-- testValidLogin -->
        <test-method is-config="true" signature="tearDown()[pri:0, instance:com.anu.framework.tests.LoginTest@765d7657]" started-at="2026-06-06T09:06:06 IST" name="tearDown" finished-at="2026-06-06T09:06:07 IST" duration-ms="439" status="PASS">
          <reporter-output>
          </reporter-output>
        </test-method> <!-- tearDown -->
      </class> <!-- com.anu.framework.tests.LoginTest -->
    </test> <!-- Default test -->
  </suite> <!-- Default suite -->
</testng-results>
