<?xml version="1.0" encoding="UTF-8"?>
<testng-results ignored="0" total="3" passed="3" failed="0" skipped="0">
  <reporter-output>
  </reporter-output>
  <suite started-at="2026-06-07T17:16:50 IST" name="Default suite" finished-at="2026-06-07T17:16:58 IST" duration-ms="8788">
    <groups>
    </groups>
    <test started-at="2026-06-07T17:16:50 IST" name="Default test" finished-at="2026-06-07T17:16:58 IST" duration-ms="8788">
      <class name="com.anu.framework.tests.LoginTest">
        <test-method is-config="true" signature="setUp()[pri:0, instance:com.anu.framework.tests.LoginTest@765d7657]" started-at="2026-06-07T17:16:50 IST" name="setUp" finished-at="2026-06-07T17:16:54 IST" duration-ms="3193" status="PASS">
          <reporter-output>
          </reporter-output>
        </test-method> <!-- setUp -->
        <test-method signature="testValidLogin(java.lang.String,java.lang.String)[pri:0, instance:com.anu.framework.tests.LoginTest@765d7657]" started-at="2026-06-07T17:16:54 IST" name="testValidLogin" data-provider="loginData" finished-at="2026-06-07T17:16:54 IST" duration-ms="390" status="PASS">
          <params>
            <param index="0">
              <value>
                <![CDATA[standard_user]]>
              </value>
            </param>
            <param index="1">
              <value>
                <![CDATA[secret_sauce]]>
              </value>
            </param>
          </params>
          <reporter-output>
          </reporter-output>
        </test-method> <!-- testValidLogin -->
        <test-method is-config="true" signature="tearDown()[pri:0, instance:com.anu.framework.tests.LoginTest@765d7657]" started-at="2026-06-07T17:16:54 IST" name="tearDown" finished-at="2026-06-07T17:16:54 IST" duration-ms="225" status="PASS">
          <reporter-output>
          </reporter-output>
        </test-method> <!-- tearDown -->
        <test-method is-config="true" signature="setUp()[pri:0, instance:com.anu.framework.tests.LoginTest@765d7657]" started-at="2026-06-07T17:16:54 IST" name="setUp" finished-at="2026-06-07T17:16:56 IST" duration-ms="1585" status="PASS">
          <reporter-output>
          </reporter-output>
        </test-method> <!-- setUp -->
        <test-method signature="testValidLogin(java.lang.String,java.lang.String)[pri:0, instance:com.anu.framework.tests.LoginTest@765d7657]" started-at="2026-06-07T17:16:56 IST" name="testValidLogin" data-provider="loginData" finished-at="2026-06-07T17:16:56 IST" duration-ms="286" status="PASS">
          <params>
            <param index="0">
              <value>
                <![CDATA[visual_user]]>
              </value>
            </param>
            <param index="1">
              <value>
                <![CDATA[secret_sauce]]>
              </value>
            </param>
          </params>
          <reporter-output>
          </reporter-output>
        </test-method> <!-- testValidLogin -->
        <test-method is-config="true" signature="tearDown()[pri:0, instance:com.anu.framework.tests.LoginTest@765d7657]" started-at="2026-06-07T17:16:56 IST" name="tearDown" finished-at="2026-06-07T17:16:56 IST" duration-ms="201" status="PASS">
          <reporter-output>
          </reporter-output>
        </test-method> <!-- tearDown -->
        <test-method is-config="true" signature="setUp()[pri:0, instance:com.anu.framework.tests.LoginTest@765d7657]" started-at="2026-06-07T17:16:56 IST" name="setUp" finished-at="2026-06-07T17:16:58 IST" duration-ms="1487" status="PASS">
          <reporter-output>
          </reporter-output>
        </test-method> <!-- setUp -->
        <test-method signature="testValidLogin(java.lang.String,java.lang.String)[pri:0, instance:com.anu.framework.tests.LoginTest@765d7657]" started-at="2026-06-07T17:16:58 IST" name="testValidLogin" data-provider="loginData" finished-at="2026-06-07T17:16:58 IST" duration-ms="460" status="PASS">
          <params>
            <param index="0">
              <value>
                <![CDATA[problem_user]]>
              </value>
            </param>
            <param index="1">
              <value>
                <![CDATA[secret_sauce]]>
              </value>
            </param>
          </params>
          <reporter-output>
          </reporter-output>
        </test-method> <!-- testValidLogin -->
        <test-method is-config="true" signature="tearDown()[pri:0, instance:com.anu.framework.tests.LoginTest@765d7657]" started-at="2026-06-07T17:16:58 IST" name="tearDown" finished-at="2026-06-07T17:16:58 IST" duration-ms="203" status="PASS">
          <reporter-output>
          </reporter-output>
        </test-method> <!-- tearDown -->
      </class> <!-- com.anu.framework.tests.LoginTest -->
    </test> <!-- Default test -->
  </suite> <!-- Default suite -->
</testng-results>
