<?xml version="1.0" encoding="UTF-8"?>
<!-- Generated by org.testng.reporters.JUnitReportReporter -->
<testsuite hostname="DESKTOP-4LNU0HP" failures="0" tests="2" name="com.anu.framework.tests.LoginTest" time="4.968" errors="0" timestamp="2026-06-08T19:25:07 IST" skipped="0">
  <testcase classname="com.anu.framework.tests.LoginTest" name="testInvalidLogin" time="2.156"/>
  <testcase classname="com.anu.framework.tests.LoginTest" name="testInvalidLogin" time="2.812"/>
</testsuite> <!-- com.anu.framework.tests.LoginTest -->
