<?xml version="1.0" encoding="UTF-8"?>
<!-- Generated by org.testng.reporters.JUnitReportReporter -->
<testsuite hostname="DESKTOP-4LNU0HP" failures="0" tests="3" name="com.anu.framework.tests.LoginTest" time="9.737" errors="0" timestamp="2026-06-09T10:48:19 IST" skipped="0">
  <testcase classname="com.anu.framework.tests.LoginTest" name="testValidLogin" time="5.178"/>
  <testcase classname="com.anu.framework.tests.LoginTest" name="testValidLogin" time="2.299"/>
  <testcase classname="com.anu.framework.tests.LoginTest" name="testValidLogin" time="2.260"/>
</testsuite> <!-- com.anu.framework.tests.LoginTest -->
